Release 14.2 - xst P.28xd (nt64)
Copyright (c) 1995-2012 Xilinx, Inc.  All rights reserved.
--> Parameter TMPDIR set to xst/projnav.tmp


Total REAL time to Xst completion: 0.00 secs
Total CPU time to Xst completion: 0.16 secs
 
--> Parameter xsthdpdir set to xst


Total REAL time to Xst completion: 0.00 secs
Total CPU time to Xst completion: 0.18 secs
 
--> Reading design: ALU.prj

TABLE OF CONTENTS
  1) Synthesis Options Summary
  2) HDL Parsing
  3) HDL Elaboration
  4) HDL Synthesis
       4.1) HDL Synthesis Report
  5) Advanced HDL Synthesis
       5.1) Advanced HDL Synthesis Report
  6) Low Level Synthesis
  7) Partition Report
  8) Design Summary
       8.1) Primitive and Black Box Usage
       8.2) Device utilization summary
       8.3) Partition Resource Summary
       8.4) Timing Report
            8.4.1) Clock Information
            8.4.2) Asynchronous Control Signals Information
            8.4.3) Timing Summary
            8.4.4) Timing Details
            8.4.5) Cross Clock Domains Report


=========================================================================
*                      Synthesis Options Summary                        *
=========================================================================
---- Source Parameters
Input File Name                    : "ALU.prj"
Ignore Synthesis Constraint File   : NO

---- Target Parameters
Output File Name                   : "ALU"
Output Format                      : NGC
Target Device                      : xc6slx16-3-csg324

---- Source Options
Top Module Name                    : ALU
Automatic FSM Extraction           : YES
FSM Encoding Algorithm             : Auto
Safe Implementation                : No
FSM Style                          : LUT
RAM Extraction                     : Yes
RAM Style                          : Auto
ROM Extraction                     : Yes
Shift Register Extraction          : YES
ROM Style                          : Auto
Resource Sharing                   : YES
Asynchronous To Synchronous        : NO
Shift Register Minimum Size        : 2
Use DSP Block                      : Auto
Automatic Register Balancing       : No

---- Target Options
LUT Combining                      : Auto
Reduce Control Sets                : Auto
Add IO Buffers                     : YES
Global Maximum Fanout              : 100000
Add Generic Clock Buffer(BUFG)     : 16
Register Duplication               : YES
Optimize Instantiated Primitives   : NO
Use Clock Enable                   : Auto
Use Synchronous Set                : Auto
Use Synchronous Reset              : Auto
Pack IO Registers into IOBs        : Auto
Equivalent register Removal        : YES

---- General Options
Optimization Goal                  : Speed
Optimization Effort                : 1
Power Reduction                    : NO
Keep Hierarchy                     : No
Netlist Hierarchy                  : As_Optimized
RTL Output                         : Yes
Global Optimization                : AllClockNets
Read Cores                         : YES
Write Timing Constraints           : NO
Cross Clock Analysis               : NO
Hierarchy Separator                : /
Bus Delimiter                      : <>
Case Specifier                     : Maintain
Slice Utilization Ratio            : 100
BRAM Utilization Ratio             : 100
DSP48 Utilization Ratio            : 100
Auto BRAM Packing                  : NO
Slice Utilization Ratio Delta      : 5

=========================================================================


=========================================================================
*                          HDL Parsing                                  *
=========================================================================
Analyzing Verilog file "\\ad\eng\users\n\r\nrjbasu\Desktop\Logic labs\Lab2\Four_Bit_Adder.v" into library work
Parsing module <four_bit_binary_adder_subtractor>.
Analyzing Verilog file "\\ad\eng\users\n\r\nrjbasu\Desktop\Logic labs\Lab2\my_mux.v" into library work
Parsing module <my_mux>.
Analyzing Verilog file "\\ad\eng\users\n\r\nrjbasu\Desktop\Logic labs\Lab2\Four_bit_Multipler.v" into library work
Parsing module <Four_bit_Multipler>.
Analyzing Verilog file "\\ad\eng\users\n\r\nrjbasu\Desktop\Logic labs\Lab2\Buffer.v" into library work
Parsing module <Buffer>.
Analyzing Verilog file "\\ad\eng\users\n\r\nrjbasu\Desktop\Logic labs\Lab2\BCD_Adder.v" into library work
Parsing module <BCD_adder>.
Analyzing Verilog file "\\ad\eng\users\n\r\nrjbasu\Desktop\Logic labs\Lab2\ALU.v" into library work
Parsing module <ALU>.

=========================================================================
*                            HDL Elaboration                            *
=========================================================================

Elaborating module <ALU>.

Elaborating module <Buffer>.

Elaborating module <four_bit_binary_adder_subtractor>.

Elaborating module <BCD_adder>.
WARNING:HDLCompiler:1127 - "\\ad\eng\users\n\r\nrjbasu\Desktop\Logic labs\Lab2\BCD_Adder.v" Line 31: Assignment to M ignored, since the identifier is never used
WARNING:HDLCompiler:1127 - "\\ad\eng\users\n\r\nrjbasu\Desktop\Logic labs\Lab2\BCD_Adder.v" Line 33: Assignment to Cin ignored, since the identifier is never used
WARNING:HDLCompiler:1127 - "\\ad\eng\users\n\r\nrjbasu\Desktop\Logic labs\Lab2\BCD_Adder.v" Line 34: Assignment to Ch ignored, since the identifier is never used
WARNING:HDLCompiler:189 - "\\ad\eng\users\n\r\nrjbasu\Desktop\Logic labs\Lab2\BCD_Adder.v" Line 36: Size mismatch in connection of port <S>. Formal port size is 8-bit while actual signal size is 4-bit.
WARNING:HDLCompiler:1127 - "\\ad\eng\users\n\r\nrjbasu\Desktop\Logic labs\Lab2\BCD_Adder.v" Line 38: Assignment to w1 ignored, since the identifier is never used
WARNING:HDLCompiler:1127 - "\\ad\eng\users\n\r\nrjbasu\Desktop\Logic labs\Lab2\ALU.v" Line 31: Assignment to C ignored, since the identifier is never used

Elaborating module <Four_bit_Multipler>.

Elaborating module <my_mux>.

=========================================================================
*                           HDL Synthesis                               *
=========================================================================

Synthesizing Unit <ALU>.
    Related source file is "\\ad\eng\users\n\r\nrjbasu\Desktop\Logic labs\Lab2\ALU.v".
INFO:Xst:3210 - "\\ad\eng\users\n\r\nrjbasu\Desktop\Logic labs\Lab2\ALU.v" line 31: Output port <C> of the instance <m2> is unconnected or connected to loadless signal.
    Summary:
	no macro.
Unit <ALU> synthesized.

Synthesizing Unit <Buffer>.
    Related source file is "\\ad\eng\users\n\r\nrjbasu\Desktop\Logic labs\Lab2\Buffer.v".
    Summary:
	no macro.
Unit <Buffer> synthesized.

Synthesizing Unit <four_bit_binary_adder_subtractor>.
    Related source file is "\\ad\eng\users\n\r\nrjbasu\Desktop\Logic labs\Lab2\Four_Bit_Adder.v".
    Found 5-bit adder for signal <n0008[4:0]> created at line 49.
    Summary:
	inferred   1 Adder/Subtractor(s).
Unit <four_bit_binary_adder_subtractor> synthesized.

Synthesizing Unit <BCD_adder>.
    Related source file is "\\ad\eng\users\n\r\nrjbasu\Desktop\Logic labs\Lab2\BCD_Adder.v".
    Found 4-bit comparator greater for signal <C> created at line 43
    Summary:
	inferred   1 Comparator(s).
Unit <BCD_adder> synthesized.

Synthesizing Unit <Four_bit_Multipler>.
    Related source file is "\\ad\eng\users\n\r\nrjbasu\Desktop\Logic labs\Lab2\Four_bit_Multipler.v".
    Found 4x4-bit multiplier for signal <y> created at line 7.
    Summary:
	inferred   1 Multiplier(s).
Unit <Four_bit_Multipler> synthesized.

Synthesizing Unit <my_mux>.
    Related source file is "\\ad\eng\users\n\r\nrjbasu\Desktop\Logic labs\Lab2\my_mux.v".
    Found 8-bit 4-to-1 multiplexer for signal <Y> created at line 25.
    Summary:
	inferred   1 Multiplexer(s).
Unit <my_mux> synthesized.

=========================================================================
HDL Synthesis Report

Macro Statistics
# Multipliers                                          : 1
 4x4-bit multiplier                                    : 1
# Adders/Subtractors                                   : 3
 5-bit adder                                           : 3
# Comparators                                          : 1
 4-bit comparator greater                              : 1
# Multiplexers                                         : 1
 8-bit 4-to-1 multiplexer                              : 1

=========================================================================

=========================================================================
*                       Advanced HDL Synthesis                          *
=========================================================================


=========================================================================
Advanced HDL Synthesis Report

Macro Statistics
# Multipliers                                          : 1
 4x4-bit multiplier                                    : 1
# Adders/Subtractors                                   : 3
 5-bit adder                                           : 3
# Comparators                                          : 1
 4-bit comparator greater                              : 1
# Multiplexers                                         : 1
 8-bit 4-to-1 multiplexer                              : 1

=========================================================================

=========================================================================
*                         Low Level Synthesis                           *
=========================================================================

Optimizing unit <ALU> ...

Mapping all equations...
Building and optimizing final netlist ...
Found area constraint ratio of 100 (+ 5) on block ALU, actual ratio is 0.

Final Macro Processing ...

=========================================================================
Final Register Report

Found no macro
=========================================================================

=========================================================================
*                           Partition Report                            *
=========================================================================

Partition Implementation Status
-------------------------------

  No Partitions were found in this design.

-------------------------------

=========================================================================
*                            Design Summary                             *
=========================================================================

Top Level Output File Name         : ALU.ngc

Primitive and Black Box Usage:
------------------------------
# BELS                             : 50
#      GND                         : 1
#      LUT2                        : 2
#      LUT3                        : 1
#      LUT4                        : 10
#      LUT5                        : 8
#      LUT6                        : 14
#      MUXCY                       : 6
#      MUXF7                       : 1
#      XORCY                       : 7
# IO Buffers                       : 18
#      IBUF                        : 10
#      OBUF                        : 8

Device utilization summary:
---------------------------

Selected Device : 6slx16csg324-3 


Slice Logic Utilization: 
 Number of Slice LUTs:                   35  out of   9112     0%  
    Number used as Logic:                35  out of   9112     0%  

Slice Logic Distribution: 
 Number of LUT Flip Flop pairs used:     35
   Number with an unused Flip Flop:      35  out of     35   100%  
   Number with an unused LUT:             0  out of     35     0%  
   Number of fully used LUT-FF pairs:     0  out of     35     0%  
   Number of unique control sets:         0

IO Utilization: 
 Number of IOs:                          18
 Number of bonded IOBs:                  18  out of    232     7%  

Specific Feature Utilization:

---------------------------
Partition Resource Summary:
---------------------------

  No Partitions were found in this design.

---------------------------


=========================================================================
Timing Report

NOTE: THESE TIMING NUMBERS ARE ONLY A SYNTHESIS ESTIMATE.
      FOR ACCURATE TIMING INFORMATION PLEASE REFER TO THE TRACE REPORT
      GENERATED AFTER PLACE-and-ROUTE.

Clock Information:
------------------
No clock signals found in this design

Asynchronous Control Signals Information:
----------------------------------------
No asynchronous control signals found in this design

Timing Summary:
---------------
Speed Grade: -3

   Minimum period: No path found
   Minimum input arrival time before clock: No path found
   Maximum output required time after clock: No path found
   Maximum combinational path delay: 9.340ns

Timing Details:
---------------
All values displayed in nanoseconds (ns)

=========================================================================
Timing constraint: Default path analysis
  Total number of paths / destination ports: 515 / 8
-------------------------------------------------------------------------
Delay:               9.340ns (Levels of Logic = 10)
  Source:            A<3> (PAD)
  Destination:       Y<7> (PAD)

  Data Path: A<3> to Y<7>
                                Gate     Net
    Cell:in->out      fanout   Delay   Delay  Logical Name (Net Name)
    ----------------------------------------  ------------
     IBUF:I->O            18   1.222   1.297  A_3_IBUF (A_3_IBUF)
     LUT4:I0->O            1   0.203   0.944  m3/Mmult_y_Madd1_lut<4>1 (m3/Mmult_y_Madd1_lut<4>)
     LUT6:I0->O            1   0.203   0.944  m3/Mmult_y_Madd1_xor<4>11 (m3/Mmult_y_Madd_41)
     LUT6:I0->O            1   0.203   0.000  m3/Mmult_y_Madd2_lut<4> (m3/Mmult_y_Madd2_lut<4>)
     MUXCY:S->O            1   0.172   0.000  m3/Mmult_y_Madd2_cy<4> (m3/Mmult_y_Madd2_cy<4>)
     MUXCY:CI->O           1   0.019   0.000  m3/Mmult_y_Madd2_cy<5> (m3/Mmult_y_Madd2_cy<5>)
     MUXCY:CI->O           0   0.019   0.000  m3/Mmult_y_Madd2_cy<6> (m3/Mmult_y_Madd2_cy<6>)
     XORCY:CI->O           1   0.180   0.580  m3/Mmult_y_Madd2_xor<7> (D3<7>)
     LUT4:I3->O            1   0.205   0.579  m4/Mmux_Y81 (Y_7_OBUF)
     OBUF:I->O                 2.571          Y_7_OBUF (Y<7>)
    ----------------------------------------
    Total                      9.340ns (4.997ns logic, 4.343ns route)
                                       (53.5% logic, 46.5% route)

=========================================================================

Cross Clock Domains Report:
--------------------------

=========================================================================


Total REAL time to Xst completion: 8.00 secs
Total CPU time to Xst completion: 7.95 secs
 
--> 

Total memory usage is 254208 kilobytes

Number of errors   :    0 (   0 filtered)
Number of warnings :    6 (   0 filtered)
Number of infos    :    1 (   0 filtered)

