--------------------------------------------------------------------------------
Release 14.2 Trace  (nt64)
Copyright (c) 1995-2012 Xilinx, Inc.  All rights reserved.

C:\Xilinx\14.2\ISE_DS\ISE\bin\nt64\unwrapped\trce.exe -intstyle ise -v 3 -s 3
-n 3 -fastpaths -xml ALU.twx ALU.ncd -o ALU.twr ALU.pcf -ucf ALU.ucf

Design file:              ALU.ncd
Physical constraint file: ALU.pcf
Device,package,speed:     xc6slx16,csg324,C,-3 (PRODUCTION 1.22 2012-07-09)
Report level:             verbose report

Environment Variable      Effect 
--------------------      ------ 
NONE                      No environment variables were set
--------------------------------------------------------------------------------

INFO:Timing:2698 - No timing constraints found, doing default enumeration.
INFO:Timing:3412 - To improve timing, see the Timing Closure User Guide (UG612).
INFO:Timing:2752 - To get complete path coverage, use the unconstrained paths 
   option. All paths that are not constrained will be reported in the 
   unconstrained paths section(s) of the report.
INFO:Timing:3339 - The clock-to-out numbers in this timing report are based on 
   a 50 Ohm transmission line loading model.  For the details of this model, 
   and for more information on accounting for different loading conditions, 
   please see the device datasheet.



Data Sheet report:
-----------------
All values displayed in nanoseconds (ns)

Pad to Pad
---------------+---------------+---------+
Source Pad     |Destination Pad|  Delay  |
---------------+---------------+---------+
A<0>           |Y<0>           |    9.294|
A<0>           |Y<1>           |   11.108|
A<0>           |Y<2>           |   10.768|
A<0>           |Y<3>           |   11.444|
A<0>           |Y<4>           |   10.971|
A<0>           |Y<5>           |   10.745|
A<0>           |Y<6>           |   10.622|
A<0>           |Y<7>           |   10.991|
A<1>           |Y<1>           |   10.761|
A<1>           |Y<2>           |   10.639|
A<1>           |Y<3>           |   11.097|
A<1>           |Y<4>           |   10.523|
A<1>           |Y<5>           |   10.244|
A<1>           |Y<6>           |   10.121|
A<1>           |Y<7>           |   10.490|
A<2>           |Y<1>           |   10.455|
A<2>           |Y<2>           |   10.115|
A<2>           |Y<3>           |   10.791|
A<2>           |Y<4>           |   10.217|
A<2>           |Y<5>           |    9.744|
A<2>           |Y<6>           |    9.621|
A<2>           |Y<7>           |    9.990|
A<3>           |Y<1>           |    9.853|
A<3>           |Y<2>           |    9.643|
A<3>           |Y<3>           |   10.469|
A<3>           |Y<4>           |   10.471|
A<3>           |Y<5>           |   10.451|
A<3>           |Y<6>           |   10.373|
A<3>           |Y<7>           |   10.923|
B<0>           |Y<0>           |    8.084|
B<0>           |Y<1>           |   10.644|
B<0>           |Y<2>           |   10.285|
B<0>           |Y<3>           |   10.466|
B<0>           |Y<4>           |    9.956|
B<0>           |Y<5>           |    9.675|
B<0>           |Y<6>           |    9.591|
B<0>           |Y<7>           |   10.141|
B<1>           |Y<1>           |   10.325|
B<1>           |Y<2>           |   10.065|
B<1>           |Y<3>           |   10.761|
B<1>           |Y<4>           |   10.718|
B<1>           |Y<5>           |   10.492|
B<1>           |Y<6>           |   10.369|
B<1>           |Y<7>           |   10.738|
B<2>           |Y<1>           |    9.837|
B<2>           |Y<2>           |    9.624|
B<2>           |Y<3>           |   10.543|
B<2>           |Y<4>           |   10.861|
B<2>           |Y<5>           |   10.635|
B<2>           |Y<6>           |   10.512|
B<2>           |Y<7>           |   10.881|
B<3>           |Y<1>           |    9.698|
B<3>           |Y<2>           |    9.567|
B<3>           |Y<3>           |   10.034|
B<3>           |Y<4>           |    9.460|
B<3>           |Y<5>           |    9.428|
B<3>           |Y<6>           |    9.284|
B<3>           |Y<7>           |    9.782|
S<0>           |Y<0>           |   11.150|
S<0>           |Y<1>           |   10.742|
S<0>           |Y<2>           |   11.029|
S<0>           |Y<3>           |   10.661|
S<0>           |Y<4>           |   10.764|
S<0>           |Y<5>           |   10.503|
S<0>           |Y<6>           |   10.297|
S<0>           |Y<7>           |   10.777|
S<1>           |Y<0>           |   11.268|
S<1>           |Y<1>           |   11.545|
S<1>           |Y<2>           |   11.417|
S<1>           |Y<3>           |   11.752|
S<1>           |Y<4>           |   11.432|
S<1>           |Y<5>           |   10.894|
S<1>           |Y<6>           |   11.166|
S<1>           |Y<7>           |   11.134|
---------------+---------------+---------+


Analysis completed Fri Nov 07 13:39:17 2014 
--------------------------------------------------------------------------------

Trace Settings:
-------------------------
Trace Settings 

Peak Memory Usage: 216 MB



