Release 14.2 - xst P.28xd (nt64)
Copyright (c) 1995-2012 Xilinx, Inc.  All rights reserved.
--> Parameter TMPDIR set to xst/projnav.tmp


Total REAL time to Xst completion: 1.00 secs
Total CPU time to Xst completion: 0.16 secs
 
--> Parameter xsthdpdir set to xst


Total REAL time to Xst completion: 1.00 secs
Total CPU time to Xst completion: 0.17 secs
 
--> Reading design: BCD_adder.prj

TABLE OF CONTENTS
  1) Synthesis Options Summary
  2) HDL Parsing
  3) HDL Elaboration
  4) HDL Synthesis
       4.1) HDL Synthesis Report
  5) Advanced HDL Synthesis
       5.1) Advanced HDL Synthesis Report
  6) Low Level Synthesis
  7) Partition Report
  8) Design Summary
       8.1) Primitive and Black Box Usage
       8.2) Device utilization summary
       8.3) Partition Resource Summary
       8.4) Timing Report
            8.4.1) Clock Information
            8.4.2) Asynchronous Control Signals Information
            8.4.3) Timing Summary
            8.4.4) Timing Details
            8.4.5) Cross Clock Domains Report


=========================================================================
*                      Synthesis Options Summary                        *
=========================================================================
---- Source Parameters
Input File Name                    : "BCD_adder.prj"
Ignore Synthesis Constraint File   : NO

---- Target Parameters
Output File Name                   : "BCD_adder"
Output Format                      : NGC
Target Device                      : xc6slx16-3-csg324

---- Source Options
Top Module Name                    : BCD_adder
Automatic FSM Extraction           : YES
FSM Encoding Algorithm             : Auto
Safe Implementation                : No
FSM Style                          : LUT
RAM Extraction                     : Yes
RAM Style                          : Auto
ROM Extraction                     : Yes
Shift Register Extraction          : YES
ROM Style                          : Auto
Resource Sharing                   : YES
Asynchronous To Synchronous        : NO
Shift Register Minimum Size        : 2
Use DSP Block                      : Auto
Automatic Register Balancing       : No

---- Target Options
LUT Combining                      : Auto
Reduce Control Sets                : Auto
Add IO Buffers                     : YES
Global Maximum Fanout              : 100000
Add Generic Clock Buffer(BUFG)     : 16
Register Duplication               : YES
Optimize Instantiated Primitives   : NO
Use Clock Enable                   : Auto
Use Synchronous Set                : Auto
Use Synchronous Reset              : Auto
Pack IO Registers into IOBs        : Auto
Equivalent register Removal        : YES

---- General Options
Optimization Goal                  : Speed
Optimization Effort                : 1
Power Reduction                    : NO
Keep Hierarchy                     : No
Netlist Hierarchy                  : As_Optimized
RTL Output                         : Yes
Global Optimization                : AllClockNets
Read Cores                         : YES
Write Timing Constraints           : NO
Cross Clock Analysis               : NO
Hierarchy Separator                : /
Bus Delimiter                      : <>
Case Specifier                     : Maintain
Slice Utilization Ratio            : 100
BRAM Utilization Ratio             : 100
DSP48 Utilization Ratio            : 100
Auto BRAM Packing                  : NO
Slice Utilization Ratio Delta      : 5

=========================================================================


=========================================================================
*                          HDL Parsing                                  *
=========================================================================
Analyzing Verilog file "\\ad\eng\users\n\r\nrjbasu\Desktop\Logic labs\four_bit_binary_adder_subtractor\xor.v" into library work
Parsing module <Xor>.
Analyzing Verilog file "\\ad\eng\users\n\r\nrjbasu\Desktop\Logic labs\four_bit_binary_adder_subtractor\Full_Adder.v" into library work
Parsing module <Full_Adder>.
Analyzing Verilog file "\\ad\eng\users\n\r\nrjbasu\Desktop\Logic labs\four_bit_binary_adder_subtractor\four_bit_binary_adder_subtractor.v" into library work
Parsing module <four_bit_binary_adder_subtractor>.
Analyzing Verilog file "\\ad\eng\users\n\r\nrjbasu\Desktop\Logic labs\BCD_adder.v" into library work
Parsing module <BCD_adder>.

=========================================================================
*                            HDL Elaboration                            *
=========================================================================

Elaborating module <BCD_adder>.
WARNING:HDLCompiler:1127 - "\\ad\eng\users\n\r\nrjbasu\Desktop\Logic labs\BCD_adder.v" Line 13: Assignment to Cin ignored, since the identifier is never used
WARNING:HDLCompiler:1127 - "\\ad\eng\users\n\r\nrjbasu\Desktop\Logic labs\BCD_adder.v" Line 14: Assignment to Ch ignored, since the identifier is never used

Elaborating module <four_bit_binary_adder_subtractor>.

Elaborating module <Xor>.

Elaborating module <Full_Adder>.
WARNING:HDLCompiler:189 - "\\ad\eng\users\n\r\nrjbasu\Desktop\Logic labs\BCD_adder.v" Line 16: Size mismatch in connection of port <C>. Formal port size is 4-bit while actual signal size is 1-bit.
WARNING:HDLCompiler:1127 - "\\ad\eng\users\n\r\nrjbasu\Desktop\Logic labs\BCD_adder.v" Line 16: Assignment to Cin ignored, since the identifier is never used
WARNING:HDLCompiler:189 - "\\ad\eng\users\n\r\nrjbasu\Desktop\Logic labs\BCD_adder.v" Line 34: Size mismatch in connection of port <C>. Formal port size is 4-bit while actual signal size is 1-bit.
WARNING:HDLCompiler:1127 - "\\ad\eng\users\n\r\nrjbasu\Desktop\Logic labs\BCD_adder.v" Line 34: Assignment to Ch ignored, since the identifier is never used

=========================================================================
*                           HDL Synthesis                               *
=========================================================================

Synthesizing Unit <BCD_adder>.
    Related source file is "\\ad\eng\users\n\r\nrjbasu\Desktop\Logic labs\BCD_adder.v".
INFO:Xst:3210 - "\\ad\eng\users\n\r\nrjbasu\Desktop\Logic labs\BCD_adder.v" line 16: Output port <C> of the instance <G1> is unconnected or connected to loadless signal.
INFO:Xst:3210 - "\\ad\eng\users\n\r\nrjbasu\Desktop\Logic labs\BCD_adder.v" line 16: Output port <V> of the instance <G1> is unconnected or connected to loadless signal.
INFO:Xst:3210 - "\\ad\eng\users\n\r\nrjbasu\Desktop\Logic labs\BCD_adder.v" line 34: Output port <C> of the instance <G2> is unconnected or connected to loadless signal.
INFO:Xst:3210 - "\\ad\eng\users\n\r\nrjbasu\Desktop\Logic labs\BCD_adder.v" line 34: Output port <Cout> of the instance <G2> is unconnected or connected to loadless signal.
INFO:Xst:3210 - "\\ad\eng\users\n\r\nrjbasu\Desktop\Logic labs\BCD_adder.v" line 34: Output port <V> of the instance <G2> is unconnected or connected to loadless signal.
    Summary:
	no macro.
Unit <BCD_adder> synthesized.

Synthesizing Unit <four_bit_binary_adder_subtractor>.
    Related source file is "\\ad\eng\users\n\r\nrjbasu\Desktop\Logic labs\four_bit_binary_adder_subtractor\four_bit_binary_adder_subtractor.v".
WARNING:Xst:653 - Signal <C> is used but never assigned. This sourceless signal will be automatically connected to value GND.
    Summary:
	no macro.
Unit <four_bit_binary_adder_subtractor> synthesized.

Synthesizing Unit <Xor>.
    Related source file is "\\ad\eng\users\n\r\nrjbasu\Desktop\Logic labs\four_bit_binary_adder_subtractor\xor.v".
    Summary:
	no macro.
Unit <Xor> synthesized.

Synthesizing Unit <Full_Adder>.
    Related source file is "\\ad\eng\users\n\r\nrjbasu\Desktop\Logic labs\four_bit_binary_adder_subtractor\Full_Adder.v".
    Summary:
	no macro.
Unit <Full_Adder> synthesized.

=========================================================================
HDL Synthesis Report

Found no macro
=========================================================================

=========================================================================
*                       Advanced HDL Synthesis                          *
=========================================================================

WARNING:Xst:1290 - Hierarchical block <Gout> is unconnected in block <G1>.
   It will be removed from the design.
WARNING:Xst:1290 - Hierarchical block <Gout> is unconnected in block <G2>.
   It will be removed from the design.

=========================================================================
Advanced HDL Synthesis Report

Found no macro
=========================================================================

=========================================================================
*                         Low Level Synthesis                           *
=========================================================================

Optimizing unit <BCD_adder> ...

Mapping all equations...
Building and optimizing final netlist ...
Found area constraint ratio of 100 (+ 5) on block BCD_adder, actual ratio is 0.

Final Macro Processing ...

=========================================================================
Final Register Report

Found no macro
=========================================================================

=========================================================================
*                           Partition Report                            *
=========================================================================

Partition Implementation Status
-------------------------------

  No Partitions were found in this design.

-------------------------------

=========================================================================
*                            Design Summary                             *
=========================================================================

Top Level Output File Name         : BCD_adder.ngc

Primitive and Black Box Usage:
------------------------------
# BELS                             : 8
#      LUT2                        : 1
#      LUT4                        : 2
#      LUT5                        : 2
#      LUT6                        : 3
# IO Buffers                       : 13
#      IBUF                        : 8
#      OBUF                        : 5

Device utilization summary:
---------------------------

Selected Device : 6slx16csg324-3 


Slice Logic Utilization: 
 Number of Slice LUTs:                    8  out of   9112     0%  
    Number used as Logic:                 8  out of   9112     0%  

Slice Logic Distribution: 
 Number of LUT Flip Flop pairs used:      8
   Number with an unused Flip Flop:       8  out of      8   100%  
   Number with an unused LUT:             0  out of      8     0%  
   Number of fully used LUT-FF pairs:     0  out of      8     0%  
   Number of unique control sets:         0

IO Utilization: 
 Number of IOs:                          13
 Number of bonded IOBs:                  13  out of    232     5%  

Specific Feature Utilization:

---------------------------
Partition Resource Summary:
---------------------------

  No Partitions were found in this design.

---------------------------


=========================================================================
Timing Report

NOTE: THESE TIMING NUMBERS ARE ONLY A SYNTHESIS ESTIMATE.
      FOR ACCURATE TIMING INFORMATION PLEASE REFER TO THE TRACE REPORT
      GENERATED AFTER PLACE-and-ROUTE.

Clock Information:
------------------
No clock signals found in this design

Asynchronous Control Signals Information:
----------------------------------------
No asynchronous control signals found in this design

Timing Summary:
---------------
Speed Grade: -3

   Minimum period: No path found
   Minimum input arrival time before clock: No path found
   Maximum output required time after clock: No path found
   Maximum combinational path delay: 7.825ns

Timing Details:
---------------
All values displayed in nanoseconds (ns)

=========================================================================
Timing constraint: Default path analysis
  Total number of paths / destination ports: 72 / 5
-------------------------------------------------------------------------
Delay:               7.825ns (Levels of Logic = 5)
  Source:            A<1> (PAD)
  Destination:       Z<3> (PAD)

  Data Path: A<1> to Z<3>
                                Gate     Net
    Cell:in->out      fanout   Delay   Delay  Logical Name (Net Name)
    ----------------------------------------  ------------
     IBUF:I->O             3   1.222   0.898  A_1_IBUF (A_1_IBUF)
     LUT4:I0->O            4   0.203   0.931  G1/FA2/Cout1 (G1/C2)
     LUT6:I2->O            3   0.203   1.015  C (C_OBUF)
     LUT6:I0->O            1   0.203   0.579  G2/FA4/G2/O1 (Z_3_OBUF)
     OBUF:I->O                 2.571          Z_3_OBUF (Z<3>)
    ----------------------------------------
    Total                      7.825ns (4.402ns logic, 3.423ns route)
                                       (56.3% logic, 43.7% route)

=========================================================================

Cross Clock Domains Report:
--------------------------

=========================================================================


Total REAL time to Xst completion: 8.00 secs
Total CPU time to Xst completion: 7.22 secs
 
--> 

Total memory usage is 254464 kilobytes

Number of errors   :    0 (   0 filtered)
Number of warnings :    9 (   0 filtered)
Number of infos    :    5 (   0 filtered)

