--------------------------------------------------------------------------------
Release 14.2 Trace  (nt64)
Copyright (c) 1995-2012 Xilinx, Inc.  All rights reserved.

C:\Xilinx\14.2\ISE_DS\ISE\bin\nt64\unwrapped\trce.exe -intstyle ise -v 3 -s 3
-n 3 -fastpaths -xml BCD_adder.twx BCD_adder.ncd -o BCD_adder.twr BCD_adder.pcf
-ucf BCD_adder.ucf

Design file:              BCD_adder.ncd
Physical constraint file: BCD_adder.pcf
Device,package,speed:     xc6slx16,csg324,C,-3 (PRODUCTION 1.22 2012-07-09)
Report level:             verbose report

Environment Variable      Effect 
--------------------      ------ 
NONE                      No environment variables were set
--------------------------------------------------------------------------------

INFO:Timing:2698 - No timing constraints found, doing default enumeration.
INFO:Timing:3412 - To improve timing, see the Timing Closure User Guide (UG612).
INFO:Timing:2752 - To get complete path coverage, use the unconstrained paths 
   option. All paths that are not constrained will be reported in the 
   unconstrained paths section(s) of the report.
INFO:Timing:3339 - The clock-to-out numbers in this timing report are based on 
   a 50 Ohm transmission line loading model.  For the details of this model, 
   and for more information on accounting for different loading conditions, 
   please see the device datasheet.



Data Sheet report:
-----------------
All values displayed in nanoseconds (ns)

Pad to Pad
---------------+---------------+---------+
Source Pad     |Destination Pad|  Delay  |
---------------+---------------+---------+
A<0>           |C              |    7.778|
A<0>           |Z<0>           |    7.364|
A<0>           |Z<1>           |    8.515|
A<0>           |Z<2>           |    8.221|
A<0>           |Z<3>           |    8.476|
A<1>           |C              |    7.752|
A<1>           |Z<1>           |    8.489|
A<1>           |Z<2>           |    8.195|
A<1>           |Z<3>           |    8.450|
A<2>           |C              |    7.390|
A<2>           |Z<1>           |    8.127|
A<2>           |Z<2>           |    7.247|
A<2>           |Z<3>           |    8.088|
A<3>           |C              |    7.428|
A<3>           |Z<1>           |    8.165|
A<3>           |Z<2>           |    7.478|
A<3>           |Z<3>           |    8.126|
B<0>           |C              |    8.112|
B<0>           |Z<0>           |    6.934|
B<0>           |Z<1>           |    8.849|
B<0>           |Z<2>           |    8.555|
B<0>           |Z<3>           |    8.810|
B<1>           |C              |    8.031|
B<1>           |Z<1>           |    8.768|
B<1>           |Z<2>           |    8.474|
B<1>           |Z<3>           |    8.729|
B<2>           |C              |    7.298|
B<2>           |Z<1>           |    8.035|
B<2>           |Z<2>           |    7.575|
B<2>           |Z<3>           |    8.111|
B<3>           |C              |    7.350|
B<3>           |Z<1>           |    8.087|
B<3>           |Z<2>           |    7.395|
B<3>           |Z<3>           |    8.048|
---------------+---------------+---------+


Analysis completed Fri Oct 24 13:43:19 2014 
--------------------------------------------------------------------------------

Trace Settings:
-------------------------
Trace Settings 

Peak Memory Usage: 217 MB



