Release 14.2 - ngc2edif P.28xd (nt64)
Copyright (c) 1995-2012 Xilinx, Inc.  All rights reserved.
Reading design BCD_adder.ngc ...
WARNING:NetListWriters:298 - No output is written to BCD_adder.xncf, ignored.
Processing design ...
   Preping design's networks ...
   Preping design's macros ...
  finished :Prep
Writing EDIF netlist file BCD_adder.edif ...
ngc2edif: Total memory usage is 78748 kilobytes

Release 14.2 - ngc2edif P.28xd (nt64)
Copyright (c) 1995-2012 Xilinx, Inc.  All rights reserved.
Reading design BCD_adder.ngc ...
WARNING:NetListWriters:298 - No output is written to BCD_adder.xncf, ignored.
Processing design ...
   Preping design's networks ...
   Preping design's macros ...
  finished :Prep
Writing EDIF netlist file BCD_adder.edif ...
ngc2edif: Total memory usage is 78364 kilobytes

Release 14.2 - ngc2edif P.28xd (nt64)
Copyright (c) 1995-2012 Xilinx, Inc.  All rights reserved.
Reading design BCD_adder.ngc ...
WARNING:NetListWriters:298 - No output is written to BCD_adder.xncf, ignored.
Processing design ...
   Preping design's networks ...
   Preping design's macros ...
  finished :Prep
Writing EDIF netlist file BCD_adder.edif ...
ngc2edif: Total memory usage is 78364 kilobytes

Release 14.2 - ngc2edif P.28xd (nt64)
Copyright (c) 1995-2012 Xilinx, Inc.  All rights reserved.
Reading design BCD_adder.ngc ...
WARNING:NetListWriters:298 - No output is written to BCD_adder.xncf, ignored.
Processing design ...
   Preping design's networks ...
   Preping design's macros ...
  finished :Prep
Writing EDIF netlist file BCD_adder.edif ...
ngc2edif: Total memory usage is 77852 kilobytes

