
****** PlanAhead v14.2 (64-bit)
  **** Build 194362 by xbuild on Fri Jul 20 18:52:11 MDT 2012
    ** Copyright 1986-1999, 2001-2012 Xilinx, Inc. All Rights Reserved.

INFO: [Common 17-78] Attempting to get a license: PlanAhead
INFO: [Common 17-290] Got license for PlanAhead
INFO: [Device 21-36] Loading parts and site information from C:/Xilinx/14.2/ISE_DS/PlanAhead/data/parts/arch.xml
Parsing RTL primitives file [C:/Xilinx/14.2/ISE_DS/PlanAhead/data/parts/xilinx/rtl/prims/rtl_prims.xml]
Finished parsing RTL primitives file [C:/Xilinx/14.2/ISE_DS/PlanAhead/data/parts/xilinx/rtl/prims/rtl_prims.xml]
start_gui
source {X:/Desktop/Logic labs/four_bit_binary_adder_subtractor/pa.fromNetlist.tcl}
# create_project -name four_bit_binary_adder_subtractor -dir "X:/Desktop/Logic labs/four_bit_binary_adder_subtractor/planAhead_run_2" -part xc6slx16csg324-3
Parsing template File [C:/Xilinx/14.2/ISE_DS/ISE/data/projnav/templates/verilog.xml].
Finished parsing template File [C:/Xilinx/14.2/ISE_DS/ISE/data/projnav/templates/verilog.xml].
Parsing template File [C:/Xilinx/14.2/ISE_DS/ISE/data/projnav/templates/vhdl.xml].
Finished parsing template File [C:/Xilinx/14.2/ISE_DS/ISE/data/projnav/templates/vhdl.xml].
Parsing template File [C:/Xilinx/14.2/ISE_DS/ISE/data/projnav/templates/ucf.xml].
Finished parsing template File [C:/Xilinx/14.2/ISE_DS/ISE/data/projnav/templates/ucf.xml].
create_project: Time (s): elapsed = 00:00:06 . Memory (MB): peak = 394.512 ; gain = 48.613
# set_property design_mode GateLvl [get_property srcset [current_run -impl]]
# set_property edif_top_file "X:/Desktop/Logic labs/four_bit_binary_adder_subtractor/BCD_adder.ngc" [ get_property srcset [ current_run ] ]
# add_files -norecurse { {X:/Desktop/Logic labs/four_bit_binary_adder_subtractor} }
# set_param project.pinAheadLayout  yes
# set_property target_constrs_file "four_bit_binary_adder_subtractor.ucf" [current_fileset -constrset]
Adding file 'X:/Desktop/Logic labs/four_bit_binary_adder_subtractor/four_bit_binary_adder_subtractor.ucf' to fileset 'constrs_1'
# add_files [list {four_bit_binary_adder_subtractor.ucf}] -fileset [get_property constrset [current_run]]
# link_design
Design is defaulting to srcset: sources_1
Design is defaulting to constrset: constrs_1
Design is defaulting to project part: xc6slx16csg324-3
Release 14.2 - ngc2edif P.28xd (nt64)
Copyright (c) 1995-2012 Xilinx, Inc.  All rights reserved.
Reading design BCD_adder.ngc ...
WARNING:NetListWriters:298 - No output is written to BCD_adder.xncf, ignored.
Processing design ...
   Preping design's networks ...
   Preping design's macros ...
  finished :Prep
Writing EDIF netlist file BCD_adder.edif ...
ngc2edif: Total memory usage is 78748 kilobytes

Parsing EDIF File [./planAhead_run_2/four_bit_binary_adder_subtractor.data/cache/BCD_adder_ngc_9135fa02.edif]
Finished Parsing EDIF File [./planAhead_run_2/four_bit_binary_adder_subtractor.data/cache/BCD_adder_ngc_9135fa02.edif]
Loading clock regions from C:/Xilinx/14.2/ISE_DS/PlanAhead/data\parts/xilinx/spartan6/spartan6lx/xc6slx16/ClockRegion.xml
Loading clock buffers from C:/Xilinx/14.2/ISE_DS/PlanAhead/data\parts/xilinx/spartan6/spartan6lx/xc6slx16/ClockBuffers.xml
Loading package pin functions from C:/Xilinx/14.2/ISE_DS/PlanAhead/data\parts/xilinx/spartan6/PinFunctions.xml...
Loading package from C:/Xilinx/14.2/ISE_DS/PlanAhead/data\parts/xilinx/spartan6/spartan6lx/xc6slx16/csg324/Package.xml
Loading io standards from C:/Xilinx/14.2/ISE_DS/PlanAhead/data\./parts/xilinx/spartan6/IOStandards.xml
Loading device configuration modes from C:/Xilinx/14.2/ISE_DS/PlanAhead/data\parts/xilinx/spartan6/ConfigModes.xml
Loading list of drcs for the architecture : C:/Xilinx/14.2/ISE_DS/PlanAhead/data\./parts/xilinx/spartan6/drc.xml
Parsing UCF File [X:/Desktop/Logic labs/four_bit_binary_adder_subtractor/four_bit_binary_adder_subtractor.ucf]
CRITICAL WARNING: [Constraints 18-11] Could not find net or pin 'S[1]' [X:/Desktop/Logic labs/four_bit_binary_adder_subtractor/four_bit_binary_adder_subtractor.ucf:3]
CRITICAL WARNING: [Constraints 18-11] Could not find net or pin 'S[2]' [X:/Desktop/Logic labs/four_bit_binary_adder_subtractor/four_bit_binary_adder_subtractor.ucf:4]
CRITICAL WARNING: [Constraints 18-11] Could not find net or pin 'S[3]' [X:/Desktop/Logic labs/four_bit_binary_adder_subtractor/four_bit_binary_adder_subtractor.ucf:5]
CRITICAL WARNING: [Constraints 18-11] Could not find net or pin 'S[0]' [X:/Desktop/Logic labs/four_bit_binary_adder_subtractor/four_bit_binary_adder_subtractor.ucf:6]
CRITICAL WARNING: [Constraints 18-11] Could not find net or pin 'V' [X:/Desktop/Logic labs/four_bit_binary_adder_subtractor/four_bit_binary_adder_subtractor.ucf:18]
CRITICAL WARNING: [Constraints 18-11] Could not find net or pin 'M' [X:/Desktop/Logic labs/four_bit_binary_adder_subtractor/four_bit_binary_adder_subtractor.ucf:19]
CRITICAL WARNING: [Constraints 18-11] Could not find net or pin 'Cout' [X:/Desktop/Logic labs/four_bit_binary_adder_subtractor/four_bit_binary_adder_subtractor.ucf:20]
Finished Parsing UCF File [X:/Desktop/Logic labs/four_bit_binary_adder_subtractor/four_bit_binary_adder_subtractor.ucf]
INFO: [Designutils 20-20] Invalid constraints found, use command 'write_ucf -constraints invalid <file>' to save all the invalid constraints to a file
INFO: [Project 1-111] Unisim Transformation Summary:
No Unisim elements were transformed.

Phase 0 | Netlist Checksum: 224dd9fa
link_design: Time (s): elapsed = 00:00:27 . Memory (MB): peak = 551.383 ; gain = 154.961
set_property package_pin "" [get_ports [list  {Z[0]}]]
set_property package_pin "" [get_ports [list  {A[3]}]]
startgroup
set_property package_pin U8 [get_ports {A[1]}]
endgroup
startgroup
set_property package_pin T5 [get_ports {A[0]}]
endgroup
set_property package_pin "" [get_ports [list  {A[2]}]]
startgroup
set_property package_pin V8 [get_ports {A[1]}]
endgroup
startgroup
set_property package_pin U8 [get_ports {A[2]}]
endgroup
startgroup
set_property package_pin N8 [get_ports {A[3]}]
endgroup
startgroup
set_property package_pin M8 [get_ports {B[3]}]
endgroup
set_property package_pin "" [get_ports [list  {A[0]}]]
set_property package_pin "" [get_ports [list  {A[1]}]]
set_property package_pin "" [get_ports [list  {A[2]}]]
startgroup
set_property package_pin T5 [get_ports {A[3]}]
endgroup
startgroup
set_property package_pin V8 [get_ports {A[2]}]
endgroup
startgroup
set_property package_pin U8 [get_ports {A[1]}]
endgroup
startgroup
set_property package_pin N8 [get_ports {A[0]}]
endgroup
startgroup
set_property package_pin M11 [get_ports C]
endgroup
startgroup
set_property package_pin V15 [get_ports {Z[3]}]
endgroup
startgroup
set_property package_pin U15 [get_ports {Z[2]}]
endgroup
startgroup
set_property package_pin V16 [get_ports {Z[1]}]
endgroup
startgroup
set_property package_pin U16 [get_ports {Z[0]}]
endgroup
save_design
exit
INFO: [Common 17-206] Exiting PlanAhead...
INFO: [Common 17-83] Releasing license: PlanAhead
