Release 14.2 - ngc2edif P.28xd (nt64)
Copyright (c) 1995-2012 Xilinx, Inc.  All rights reserved.
Reading design Final_bto7.ngc ...
WARNING:NetListWriters:298 - No output is written to Final_bto7.xncf, ignored.
Processing design ...
   Preping design's networks ...
   Preping design's macros ...
  finished :Prep
Writing EDIF netlist file Final_bto7.edif ...
ngc2edif: Total memory usage is 80216 kilobytes

Release 14.2 - ngc2edif P.28xd (nt64)
Copyright (c) 1995-2012 Xilinx, Inc.  All rights reserved.
Reading design Final_bto7.ngc ...
WARNING:NetListWriters:298 - No output is written to Final_bto7.xncf, ignored.
Processing design ...
   Preping design's networks ...
   Preping design's macros ...
  finished :Prep
Writing EDIF netlist file Final_bto7.edif ...
ngc2edif: Total memory usage is 79960 kilobytes

Release 14.2 - ngc2edif P.28xd (nt64)
Copyright (c) 1995-2012 Xilinx, Inc.  All rights reserved.
Reading design Final_bto7.ngc ...
WARNING:NetListWriters:298 - No output is written to Final_bto7.xncf, ignored.
Processing design ...
   Preping design's networks ...
   Preping design's macros ...
  finished :Prep
Writing EDIF netlist file Final_bto7.edif ...
ngc2edif: Total memory usage is 80024 kilobytes

Release 14.2 - ngc2edif P.28xd (nt64)
Copyright (c) 1995-2012 Xilinx, Inc.  All rights reserved.
Reading design Final_bto7.ngc ...
WARNING:NetListWriters:298 - No output is written to Final_bto7.xncf, ignored.
Processing design ...
   Preping design's networks ...
   Preping design's macros ...
  finished :Prep
Writing EDIF netlist file Final_bto7.edif ...
ngc2edif: Total memory usage is 79960 kilobytes

